Files already downloaded and verified
Files already downloaded and verified
Beginning training from epoch: 1
Train Loss 0.314
Train Loss 3.897
Train Loss 2.846
Train Loss 3.097
Train Loss 3.108
Train Loss 2.620
Train Loss 2.739
Train Loss 2.583
Epoch   1 | Time    66 | Train Loss 2.2576 | Test Loss 0.002 | Test Error 81.45
Train Loss 0.219
Train Loss 2.108
Train Loss 2.055
Train Loss 1.967
Train Loss 1.966
Train Loss 1.940
Train Loss 1.883
Train Loss 1.889
Epoch   2 | Time    62 | Train Loss 1.8662 | Test Loss 0.002 | Test Error 64.45
Train Loss 0.192
Train Loss 1.817
Train Loss 1.802
Train Loss 1.807
Train Loss 1.752
Train Loss 1.762
Train Loss 1.719
Train Loss 1.715
Epoch   3 | Time    62 | Train Loss 1.6890 | Test Loss 0.001 | Test Error 54.12
Train Loss 0.165
Train Loss 1.689
Train Loss 1.679
Train Loss 1.652
Train Loss 1.635
Train Loss 1.579
Train Loss 1.606
Train Loss 1.611
Epoch   4 | Time    62 | Train Loss 1.6076 | Test Loss 0.001 | Test Error 51.69
Train Loss 0.154
Train Loss 1.555
Train Loss 1.535
Train Loss 1.556
Train Loss 1.487
Train Loss 1.516
Train Loss 1.495
Train Loss 1.498
Epoch   5 | Time    62 | Train Loss 1.4730 | Test Loss 0.001 | Test Error 43.27
Train Loss 0.130
Train Loss 1.446
Train Loss 1.416
Train Loss 1.413
Train Loss 1.431
Train Loss 1.417
Train Loss 1.381
Train Loss 1.402
Epoch   6 | Time    62 | Train Loss 1.3679 | Test Loss 0.001 | Test Error 42.10
Train Loss 0.116
Train Loss 1.346
Train Loss 1.380
Train Loss 1.346
Train Loss 1.352
Train Loss 1.333
Train Loss 1.305
Train Loss 1.332
Epoch   7 | Time    63 | Train Loss 1.3308 | Test Loss 0.001 | Test Error 38.32
Train Loss 0.123
Train Loss 1.312
Train Loss 1.312
Train Loss 1.309
Train Loss 1.257
Train Loss 1.309
Train Loss 1.256
Train Loss 1.287
Epoch   8 | Time    63 | Train Loss 1.3151 | Test Loss 0.001 | Test Error 37.79
Train Loss 0.126
Train Loss 1.264
Train Loss 1.266
Train Loss 1.276
Train Loss 1.286
Train Loss 1.276
Train Loss 1.227
Train Loss 1.260
Epoch   9 | Time    63 | Train Loss 1.2533 | Test Loss 0.001 | Test Error 34.02
Train Loss 0.137
Train Loss 1.231
Train Loss 1.259
Train Loss 1.208
Train Loss 1.201
Train Loss 1.213
Train Loss 1.199
Train Loss 1.210
Epoch  10 | Time    59 | Train Loss 1.2213 | Test Loss 0.001 | Test Error 34.09
Train Loss 0.120
Train Loss 1.193
Train Loss 1.203
Train Loss 1.180
Train Loss 1.183
Train Loss 1.209
Train Loss 1.203
Train Loss 1.188
Epoch  11 | Time    63 | Train Loss 1.1805 | Test Loss 0.001 | Test Error 32.44
Train Loss 0.115
Train Loss 1.160
Train Loss 1.161
Train Loss 1.129
Train Loss 1.166
Train Loss 1.148
Train Loss 1.200
Train Loss 1.129
Epoch  12 | Time    63 | Train Loss 1.1729 | Test Loss 0.001 | Test Error 30.88
Train Loss 0.113
Train Loss 1.110
Train Loss 1.155
Train Loss 1.120
Train Loss 1.125
Train Loss 1.130
Train Loss 1.159
Train Loss 1.158
Epoch  13 | Time    62 | Train Loss 1.1575 | Test Loss 0.001 | Test Error 29.66
Train Loss 0.101
Train Loss 1.126
Train Loss 1.110
Train Loss 1.117
Train Loss 1.112
Train Loss 1.116
Train Loss 1.107
Train Loss 1.144
Epoch  14 | Time    62 | Train Loss 1.0978 | Test Loss 0.001 | Test Error 28.13
Train Loss 0.094
Train Loss 1.099
Train Loss 1.118
Train Loss 1.115
Train Loss 1.100
Train Loss 1.119
Train Loss 1.083
Train Loss 1.096
Epoch  15 | Time    59 | Train Loss 1.0894 | Test Loss 0.001 | Test Error 28.99
Train Loss 0.108
Train Loss 1.087
Train Loss 1.092
Train Loss 1.063
Train Loss 1.051
Train Loss 1.093
Train Loss 1.066
Train Loss 1.069
Epoch  16 | Time    62 | Train Loss 1.0734 | Test Loss 0.001 | Test Error 26.92
Train Loss 0.090
Train Loss 1.051
Train Loss 1.043
Train Loss 1.070
Train Loss 1.052
Train Loss 1.058
Train Loss 1.057
Train Loss 1.055
Epoch  17 | Time    60 | Train Loss 1.0713 | Test Loss 0.001 | Test Error 29.71
Train Loss 0.094
Train Loss 0.996
Train Loss 1.047
Train Loss 1.052
Train Loss 1.047
Train Loss 1.057
Train Loss 1.047
Train Loss 1.041
Epoch  18 | Time    60 | Train Loss 1.0740 | Test Loss 0.001 | Test Error 27.52
Train Loss 0.101
Train Loss 1.044
Train Loss 1.021
Train Loss 1.021
Train Loss 1.091
Train Loss 1.036
Train Loss 1.057
Train Loss 1.056
Epoch  19 | Time    60 | Train Loss 1.0380 | Test Loss 0.001 | Test Error 27.10
Train Loss 0.110
Train Loss 1.010
Train Loss 1.019
Train Loss 1.074
Train Loss 1.056
Train Loss 1.054
Train Loss 1.035
Train Loss 1.051
Epoch  20 | Time    62 | Train Loss 1.0553 | Test Loss 0.001 | Test Error 25.21
Train Loss 0.101
Train Loss 1.013
Train Loss 1.014
Train Loss 1.027
Train Loss 1.048
Train Loss 1.027
Train Loss 1.025
Train Loss 0.987
Epoch  21 | Time    59 | Train Loss 1.0319 | Test Loss 0.001 | Test Error 26.57
Train Loss 0.105
Train Loss 0.991
Train Loss 1.025
Train Loss 1.024
Train Loss 1.039
Train Loss 1.029
Train Loss 0.999
Train Loss 1.016
Epoch  22 | Time    62 | Train Loss 0.9959 | Test Loss 0.001 | Test Error 25.02
Train Loss 0.096
Train Loss 1.014
Train Loss 0.991
Train Loss 1.032
Train Loss 1.035
Train Loss 1.050
Train Loss 0.983
Train Loss 1.024
Epoch  23 | Time    59 | Train Loss 1.0025 | Test Loss 0.001 | Test Error 25.38
Train Loss 0.095
Train Loss 0.967
Train Loss 1.063
Train Loss 0.970
Train Loss 0.997
Train Loss 0.998
Train Loss 0.983
Train Loss 0.964
Epoch  24 | Time    62 | Train Loss 1.0079 | Test Loss 0.001 | Test Error 24.04
Train Loss 0.108
Train Loss 0.987
Train Loss 0.977
Train Loss 0.982
Train Loss 0.988
Train Loss 0.990
Train Loss 1.035
Train Loss 0.978
Epoch  25 | Time    60 | Train Loss 0.9984 | Test Loss 0.001 | Test Error 25.67
Train Loss 0.086
Train Loss 0.980
Train Loss 0.977
Train Loss 0.980
Train Loss 0.985
Train Loss 0.977
Train Loss 0.988
Train Loss 0.964
Epoch  26 | Time    59 | Train Loss 0.9906 | Test Loss 0.001 | Test Error 27.18
Train Loss 0.098
Train Loss 0.931
Train Loss 0.996
Train Loss 0.997
Train Loss 1.017
Train Loss 0.969
Train Loss 0.980
Train Loss 1.004
Epoch  27 | Time    59 | Train Loss 0.9978 | Test Loss 0.001 | Test Error 29.16
Train Loss 0.085
Train Loss 0.937
Train Loss 0.963
Train Loss 0.948
Train Loss 0.970
Train Loss 0.936
Train Loss 0.965
Train Loss 0.965
Epoch  28 | Time    61 | Train Loss 0.9997 | Test Loss 0.001 | Test Error 23.99
Train Loss 0.101
Train Loss 0.967
Train Loss 0.935
Train Loss 0.980
Train Loss 0.931
Train Loss 0.987
Train Loss 0.947
Train Loss 0.963
Epoch  29 | Time    59 | Train Loss 0.9741 | Test Loss 0.001 | Test Error 26.06
Train Loss 0.092
Train Loss 0.958
Train Loss 0.963
Train Loss 0.924
Train Loss 0.949
Train Loss 0.960
Train Loss 0.957
Train Loss 0.949
Epoch  30 | Time    58 | Train Loss 0.9544 | Test Loss 0.001 | Test Error 24.69
Train Loss 0.093
Train Loss 0.919
Train Loss 0.943
Train Loss 0.910
Train Loss 0.959
Train Loss 0.944
Train Loss 0.961
Train Loss 0.921
Epoch  31 | Time    60 | Train Loss 0.9611 | Test Loss 0.001 | Test Error 25.35
Train Loss 0.087
Train Loss 0.955
Train Loss 0.943
Train Loss 0.955
Train Loss 0.949
Train Loss 0.922
Train Loss 0.977
Train Loss 0.930
Epoch  32 | Time    60 | Train Loss 0.9582 | Test Loss 0.001 | Test Error 25.24
Train Loss 0.094
Train Loss 0.926
Train Loss 0.944
Train Loss 0.936
Train Loss 0.931
Train Loss 0.923
Train Loss 0.937
Train Loss 0.940
Epoch  33 | Time    59 | Train Loss 0.9518 | Test Loss 0.001 | Test Error 24.84
Train Loss 0.081
Train Loss 0.953
Train Loss 0.905
Train Loss 0.928
Train Loss 0.936
Train Loss 0.910
Train Loss 0.893
Train Loss 0.952
Epoch  34 | Time    59 | Train Loss 0.9507 | Test Loss 0.001 | Test Error 25.05
Train Loss 0.099
Train Loss 0.909
Train Loss 0.887
Train Loss 0.925
Train Loss 0.934
Train Loss 0.953
Train Loss 0.907
Train Loss 0.894
Epoch  35 | Time    62 | Train Loss 0.9364 | Test Loss 0.001 | Test Error 23.10
Train Loss 0.089
Train Loss 0.908
Train Loss 0.899
Train Loss 0.889
Train Loss 0.920
Train Loss 0.934
Train Loss 0.950
Train Loss 0.908
Epoch  36 | Time    60 | Train Loss 0.9473 | Test Loss 0.001 | Test Error 27.19
Train Loss 0.085
Train Loss 0.880
Train Loss 0.932
Train Loss 0.907
Train Loss 0.920
Train Loss 0.917
Train Loss 0.930
Train Loss 0.917
Epoch  37 | Time    60 | Train Loss 0.9025 | Test Loss 0.001 | Test Error 24.36
Train Loss 0.091
Train Loss 0.939
Train Loss 0.887
Train Loss 0.918
Train Loss 0.915
Train Loss 0.903
Train Loss 0.914
Train Loss 0.916
Epoch  38 | Time    62 | Train Loss 0.9325 | Test Loss 0.001 | Test Error 22.19
Train Loss 0.093
Train Loss 0.883
Train Loss 0.890
Train Loss 0.879
Train Loss 0.890
Train Loss 0.896
Train Loss 0.911
Train Loss 0.900
Epoch  39 | Time    60 | Train Loss 0.9016 | Test Loss 0.001 | Test Error 22.64
Train Loss 0.094
Train Loss 0.852
Train Loss 0.875
Train Loss 0.911
Train Loss 0.894
Train Loss 0.919
Train Loss 0.883
Train Loss 0.900
Epoch  40 | Time    60 | Train Loss 0.8580 | Test Loss 0.001 | Test Error 23.49
Train Loss 0.092
Train Loss 0.888
Train Loss 0.891
Train Loss 0.916
Train Loss 0.881
Train Loss 0.878
Train Loss 0.906
Train Loss 0.901
Epoch  41 | Time    60 | Train Loss 0.9240 | Test Loss 0.001 | Test Error 22.86
Train Loss 0.071
Train Loss 0.835
Train Loss 0.890
Train Loss 0.924
Train Loss 0.876
Train Loss 0.852
Train Loss 0.899
Train Loss 0.883
Epoch  42 | Time    60 | Train Loss 0.8711 | Test Loss 0.001 | Test Error 24.82
Train Loss 0.089
Train Loss 0.903
Train Loss 0.905
Train Loss 0.858
Train Loss 0.872
Train Loss 0.892
Train Loss 0.863
Train Loss 0.854
Epoch  43 | Time    59 | Train Loss 0.8937 | Test Loss 0.001 | Test Error 24.15
Train Loss 0.097
Train Loss 0.875
Train Loss 0.875
Train Loss 0.899
Train Loss 0.869
Train Loss 0.899
Train Loss 0.898
Train Loss 0.855
Epoch  44 | Time    59 | Train Loss 0.8573 | Test Loss 0.001 | Test Error 23.95
Train Loss 0.096
Train Loss 0.860
Train Loss 0.894
Train Loss 0.902
Train Loss 0.876
Train Loss 0.867
Train Loss 0.867
Train Loss 0.859
Epoch  45 | Time    62 | Train Loss 0.8744 | Test Loss 0.001 | Test Error 21.85
Train Loss 0.084
Train Loss 0.876
Train Loss 0.856
Train Loss 0.884
Train Loss 0.837
Train Loss 0.888
Train Loss 0.848
Train Loss 0.876
Epoch  46 | Time    60 | Train Loss 0.8575 | Test Loss 0.001 | Test Error 22.48
Train Loss 0.094
Train Loss 0.861
Train Loss 0.882
Train Loss 0.840
Train Loss 0.858
Train Loss 0.877
Train Loss 0.859
Train Loss 0.840
Epoch  47 | Time    63 | Train Loss 0.8673 | Test Loss 0.001 | Test Error 20.45
Train Loss 0.070
Train Loss 0.876
Train Loss 0.818
Train Loss 0.846
Train Loss 0.852
Train Loss 0.870
Train Loss 0.842
Train Loss 0.854
Epoch  48 | Time    60 | Train Loss 0.8961 | Test Loss 0.001 | Test Error 22.34
Train Loss 0.072
Train Loss 0.799
Train Loss 0.878
Train Loss 0.881
Train Loss 0.827
Train Loss 0.835
Train Loss 0.814
Train Loss 0.840
Epoch  49 | Time    60 | Train Loss 0.8262 | Test Loss 0.001 | Test Error 21.52
Train Loss 0.069
Train Loss 0.836
Train Loss 0.840
Train Loss 0.859
Train Loss 0.852
Train Loss 0.883
Train Loss 0.820
Train Loss 0.857
Epoch  50 | Time    62 | Train Loss 0.8276 | Test Loss 0.001 | Test Error 20.21
Train Loss 0.068
Train Loss 0.797
Train Loss 0.815
Train Loss 0.844
Train Loss 0.801
Train Loss 0.855
Train Loss 0.804
Train Loss 0.829
Epoch  51 | Time    59 | Train Loss 0.8510 | Test Loss 0.001 | Test Error 21.87
Train Loss 0.077
Train Loss 0.828
Train Loss 0.843
Train Loss 0.859
Train Loss 0.829
Train Loss 0.847
Train Loss 0.835
Train Loss 0.795
Epoch  52 | Time    59 | Train Loss 0.8217 | Test Loss 0.001 | Test Error 21.73
Train Loss 0.077
Train Loss 0.788
Train Loss 0.840
Train Loss 0.785
Train Loss 0.841
Train Loss 0.815
Train Loss 0.810
Train Loss 0.866
Epoch  53 | Time    60 | Train Loss 0.8352 | Test Loss 0.001 | Test Error 21.25
Train Loss 0.086
Train Loss 0.808
Train Loss 0.800
Train Loss 0.817
Train Loss 0.813
Train Loss 0.790
Train Loss 0.811
Train Loss 0.842
Epoch  54 | Time    62 | Train Loss 0.8327 | Test Loss 0.001 | Test Error 19.66
Train Loss 0.082
Train Loss 0.822
Train Loss 0.813
Train Loss 0.792
Train Loss 0.820
Train Loss 0.835
Train Loss 0.788
Train Loss 0.776
Epoch  55 | Time    59 | Train Loss 0.8093 | Test Loss 0.001 | Test Error 22.21
Train Loss 0.091
Train Loss 0.765
Train Loss 0.776
Train Loss 0.795
Train Loss 0.802
Train Loss 0.836
Train Loss 0.779
Train Loss 0.800
Epoch  56 | Time    60 | Train Loss 0.8154 | Test Loss 0.001 | Test Error 20.43
Train Loss 0.087
Train Loss 0.805
Train Loss 0.762
Train Loss 0.794
Train Loss 0.776
Train Loss 0.802
Train Loss 0.803
Train Loss 0.790
Epoch  57 | Time    60 | Train Loss 0.7773 | Test Loss 0.001 | Test Error 22.02
Train Loss 0.076
Train Loss 0.811
Train Loss 0.788
Train Loss 0.773
Train Loss 0.780
Train Loss 0.808
Train Loss 0.799
Train Loss 0.752
Epoch  58 | Time    62 | Train Loss 0.7918 | Test Loss 0.001 | Test Error 19.39
Train Loss 0.076
Train Loss 0.712
Train Loss 0.761
Train Loss 0.782
Train Loss 0.795
Train Loss 0.777
Train Loss 0.745
Train Loss 0.784
Epoch  59 | Time    62 | Train Loss 0.7500 | Test Loss 0.001 | Test Error 19.13
Train Loss 0.062
Train Loss 0.754
Train Loss 0.794
Train Loss 0.758
Train Loss 0.824
Train Loss 0.766
Train Loss 0.766
Train Loss 0.799
Epoch  60 | Time    59 | Train Loss 0.7557 | Test Loss 0.001 | Test Error 19.80
Train Loss 0.086
Train Loss 0.784
Train Loss 0.776
Train Loss 0.784
Train Loss 0.728
Train Loss 0.804
Train Loss 0.727
Train Loss 0.731
Epoch  61 | Time    62 | Train Loss 0.7623 | Test Loss 0.001 | Test Error 19.02
Train Loss 0.084
Train Loss 0.772
Train Loss 0.735
Train Loss 0.766
Train Loss 0.754
Train Loss 0.716
Train Loss 0.753
Train Loss 0.773
Epoch  62 | Time    62 | Train Loss 0.7382 | Test Loss 0.001 | Test Error 18.12
Train Loss 0.088
Train Loss 0.744
Train Loss 0.745
Train Loss 0.768
Train Loss 0.754
Train Loss 0.746
Train Loss 0.795
Train Loss 0.719
Epoch  63 | Time    59 | Train Loss 0.7360 | Test Loss 0.001 | Test Error 19.67
Train Loss 0.078
Train Loss 0.767
Train Loss 0.761
Train Loss 0.734
Train Loss 0.731
Train Loss 0.766
Train Loss 0.750
Train Loss 0.735
Epoch  64 | Time    59 | Train Loss 0.7380 | Test Loss 0.001 | Test Error 18.91
Train Loss 0.058
Train Loss 0.743
Train Loss 0.722
Train Loss 0.754
Train Loss 0.748
Train Loss 0.718
Train Loss 0.752
Train Loss 0.741
Epoch  65 | Time    59 | Train Loss 0.7403 | Test Loss 0.001 | Test Error 18.54
Train Loss 0.071
Train Loss 0.743
Train Loss 0.709
Train Loss 0.698
Train Loss 0.707
Train Loss 0.724
Train Loss 0.765
Train Loss 0.748
Epoch  66 | Time    61 | Train Loss 0.7497 | Test Loss 0.001 | Test Error 17.45
Train Loss 0.084
Train Loss 0.736
Train Loss 0.728
Train Loss 0.680
Train Loss 0.717
Train Loss 0.722
Train Loss 0.714
Train Loss 0.706
Epoch  67 | Time    59 | Train Loss 0.7354 | Test Loss 0.001 | Test Error 17.90
Train Loss 0.067
Train Loss 0.698
Train Loss 0.693
Train Loss 0.709
Train Loss 0.669
Train Loss 0.688
Train Loss 0.723
Train Loss 0.698
Epoch  68 | Time    59 | Train Loss 0.7283 | Test Loss 0.001 | Test Error 17.65
Train Loss 0.060
Train Loss 0.680
Train Loss 0.697
Train Loss 0.671
Train Loss 0.671
Train Loss 0.713
Train Loss 0.720
Train Loss 0.739
Epoch  69 | Time    62 | Train Loss 0.7198 | Test Loss 0.001 | Test Error 16.63
Train Loss 0.070
Train Loss 0.686
Train Loss 0.694
Train Loss 0.746
Train Loss 0.699
Train Loss 0.699
Train Loss 0.693
Train Loss 0.665
Epoch  70 | Time    61 | Train Loss 0.6957 | Test Loss 0.001 | Test Error 16.44
Train Loss 0.070
Train Loss 0.681
Train Loss 0.686
Train Loss 0.680
Train Loss 0.659
Train Loss 0.702
Train Loss 0.699
Train Loss 0.690
Epoch  71 | Time    59 | Train Loss 0.6841 | Test Loss 0.001 | Test Error 16.95
Train Loss 0.065
Train Loss 0.662
Train Loss 0.674
Train Loss 0.660
Train Loss 0.683
Train Loss 0.672
Train Loss 0.670
Train Loss 0.679
Epoch  72 | Time    60 | Train Loss 0.6667 | Test Loss 0.001 | Test Error 17.33
Train Loss 0.058
Train Loss 0.668
Train Loss 0.659
Train Loss 0.695
Train Loss 0.667
Train Loss 0.668
Train Loss 0.656
Train Loss 0.701
Epoch  73 | Time    60 | Train Loss 0.6850 | Test Loss 0.000 | Test Error 16.82
Train Loss 0.063
Train Loss 0.674
Train Loss 0.659
Train Loss 0.669
Train Loss 0.676
Train Loss 0.677
Train Loss 0.696
Train Loss 0.627
Epoch  74 | Time    61 | Train Loss 0.6687 | Test Loss 0.000 | Test Error 16.11
Train Loss 0.052
Train Loss 0.652
Train Loss 0.664
Train Loss 0.652
Train Loss 0.669
Train Loss 0.643
Train Loss 0.625
Train Loss 0.670
Epoch  75 | Time    60 | Train Loss 0.6768 | Test Loss 0.000 | Test Error 16.22
Train Loss 0.074
Train Loss 0.616
Train Loss 0.658
Train Loss 0.661
Train Loss 0.645
Train Loss 0.659
Train Loss 0.642
Train Loss 0.609
Epoch  76 | Time    60 | Train Loss 0.6544 | Test Loss 0.000 | Test Error 16.31
Train Loss 0.068
Train Loss 0.591
Train Loss 0.647
Train Loss 0.648
Train Loss 0.639
Train Loss 0.645
Train Loss 0.637
Train Loss 0.642
Epoch  77 | Time    61 | Train Loss 0.6427 | Test Loss 0.000 | Test Error 15.55
Train Loss 0.070
Train Loss 0.612
Train Loss 0.617
Train Loss 0.643
Train Loss 0.626
Train Loss 0.627
Train Loss 0.626
Train Loss 0.618
Epoch  78 | Time    62 | Train Loss 0.6296 | Test Loss 0.000 | Test Error 14.77
Train Loss 0.054
Train Loss 0.601
Train Loss 0.590
Train Loss 0.612
Train Loss 0.616
Train Loss 0.599
Train Loss 0.636
Train Loss 0.642
Epoch  79 | Time    60 | Train Loss 0.6130 | Test Loss 0.000 | Test Error 15.06
Train Loss 0.066
Train Loss 0.587
Train Loss 0.593
Train Loss 0.619
Train Loss 0.583
Train Loss 0.596
Train Loss 0.567
Train Loss 0.602
Epoch  80 | Time    59 | Train Loss 0.6028 | Test Loss 0.000 | Test Error 15.00
Train Loss 0.063
Train Loss 0.565
Train Loss 0.576
Train Loss 0.579
Train Loss 0.596
Train Loss 0.591
Train Loss 0.589
Train Loss 0.584
Epoch  81 | Time    59 | Train Loss 0.5747 | Test Loss 0.000 | Test Error 15.17
Train Loss 0.084
Train Loss 0.586
Train Loss 0.575
Train Loss 0.559
Train Loss 0.590
Train Loss 0.585
Train Loss 0.589
Train Loss 0.598
Epoch  82 | Time    62 | Train Loss 0.5928 | Test Loss 0.000 | Test Error 14.67
Train Loss 0.056
Train Loss 0.574
Train Loss 0.588
Train Loss 0.591
Train Loss 0.590
Train Loss 0.568
Train Loss 0.577
Train Loss 0.585
Epoch  83 | Time    62 | Train Loss 0.5557 | Test Loss 0.000 | Test Error 14.47
Train Loss 0.045
Train Loss 0.577
Train Loss 0.558
Train Loss 0.558
Train Loss 0.556
Train Loss 0.563
Train Loss 0.548
Train Loss 0.534
Epoch  84 | Time    62 | Train Loss 0.5500 | Test Loss 0.000 | Test Error 14.04
Train Loss 0.050
Train Loss 0.549
Train Loss 0.545
Train Loss 0.557
Train Loss 0.554
Train Loss 0.530
Train Loss 0.580
Train Loss 0.550
Epoch  85 | Time    61 | Train Loss 0.5741 | Test Loss 0.000 | Test Error 13.98
Train Loss 0.050
Train Loss 0.536
Train Loss 0.522
Train Loss 0.571
Train Loss 0.526
Train Loss 0.556
Train Loss 0.530
Train Loss 0.532
Epoch  86 | Time    62 | Train Loss 0.5657 | Test Loss 0.000 | Test Error 13.50
Train Loss 0.042
Train Loss 0.521
Train Loss 0.513
Train Loss 0.539
Train Loss 0.546
Train Loss 0.552
Train Loss 0.509
Train Loss 0.540
Epoch  87 | Time    59 | Train Loss 0.5363 | Test Loss 0.000 | Test Error 13.99
Train Loss 0.059
Train Loss 0.529
Train Loss 0.546
Train Loss 0.519
Train Loss 0.537
Train Loss 0.488
Train Loss 0.523
Train Loss 0.525
Epoch  88 | Time    62 | Train Loss 0.5446 | Test Loss 0.000 | Test Error 13.40
Train Loss 0.060
Train Loss 0.518
Train Loss 0.515
Train Loss 0.510
Train Loss 0.510
Train Loss 0.490
Train Loss 0.493
Train Loss 0.529
Epoch  89 | Time    61 | Train Loss 0.5349 | Test Loss 0.000 | Test Error 13.33
Train Loss 0.052
Train Loss 0.503
Train Loss 0.512
Train Loss 0.511
Train Loss 0.523
Train Loss 0.489
Train Loss 0.498
Train Loss 0.511
Epoch  90 | Time    61 | Train Loss 0.4874 | Test Loss 0.000 | Test Error 13.06
Train Loss 0.043
Train Loss 0.481
Train Loss 0.496
Train Loss 0.506
Train Loss 0.518
Train Loss 0.494
Train Loss 0.496
Train Loss 0.485
Epoch  91 | Time    62 | Train Loss 0.4962 | Test Loss 0.000 | Test Error 12.89
Train Loss 0.034
Train Loss 0.503
Train Loss 0.464
Train Loss 0.472
Train Loss 0.507
Train Loss 0.479
Train Loss 0.501
Train Loss 0.494
Epoch  92 | Time    60 | Train Loss 0.4758 | Test Loss 0.000 | Test Error 13.00
Train Loss 0.058
Train Loss 0.477
Train Loss 0.476
Train Loss 0.459
Train Loss 0.483
Train Loss 0.481
Train Loss 0.495
Train Loss 0.471
Epoch  93 | Time    60 | Train Loss 0.4625 | Test Loss 0.000 | Test Error 12.98
Train Loss 0.047
Train Loss 0.478
Train Loss 0.461
Train Loss 0.436
Train Loss 0.464
Train Loss 0.456
Train Loss 0.485
Train Loss 0.465
Epoch  94 | Time    62 | Train Loss 0.4532 | Test Loss 0.000 | Test Error 12.75
Train Loss 0.041
Train Loss 0.493
Train Loss 0.459
Train Loss 0.444
Train Loss 0.460
Train Loss 0.468
Train Loss 0.466
Train Loss 0.450
Epoch  95 | Time    62 | Train Loss 0.4682 | Test Loss 0.000 | Test Error 12.42
Train Loss 0.046
Train Loss 0.458
Train Loss 0.448
Train Loss 0.461
Train Loss 0.471
Train Loss 0.467
Train Loss 0.443
Train Loss 0.432
Epoch  96 | Time    59 | Train Loss 0.4611 | Test Loss 0.000 | Test Error 12.51
Train Loss 0.039
Train Loss 0.459
Train Loss 0.454
Train Loss 0.456
Train Loss 0.481
Train Loss 0.445
Train Loss 0.467
Train Loss 0.495
Epoch  97 | Time    63 | Train Loss 0.4524 | Test Loss 0.000 | Test Error 12.39
Train Loss 0.042
Train Loss 0.461
Train Loss 0.468
Train Loss 0.451
Train Loss 0.450
Train Loss 0.478
Train Loss 0.463
Train Loss 0.462
Epoch  98 | Time    63 | Train Loss 0.4273 | Test Loss 0.000 | Test Error 12.35
Train Loss 0.054
Train Loss 0.439
Train Loss 0.458
Train Loss 0.451
Train Loss 0.437
Train Loss 0.432
Train Loss 0.479
Train Loss 0.437
Epoch  99 | Time    63 | Train Loss 0.4533 | Test Loss 0.000 | Test Error 12.30
Train Loss 0.037
Train Loss 0.450
Train Loss 0.437
Train Loss 0.473
Train Loss 0.454
Train Loss 0.431
Train Loss 0.464
Train Loss 0.453
Epoch 100 | Time    60 | Train Loss 0.4296 | Test Loss 0.000 | Test Error 12.47
gaussian_noise
	Test Loss 0.001 | Test Error 19.298
shot_noise
	Test Loss 0.001 | Test Error 17.114
impulse_noise
	Test Loss 0.001 | Test Error 24.888
defocus_blur
	Test Loss 0.000 | Test Error 14.070
glass_blur
	Test Loss 0.001 | Test Error 22.564
motion_blur
	Test Loss 0.000 | Test Error 16.782
zoom_blur
	Test Loss 0.000 | Test Error 15.400
snow
	Test Loss 0.001 | Test Error 18.752
frost
	Test Loss 0.001 | Test Error 18.674
fog
	Test Loss 0.001 | Test Error 19.510
brightness
	Test Loss 0.000 | Test Error 14.192
contrast
	Test Loss 0.001 | Test Error 24.386
elastic_transform
	Test Loss 0.001 | Test Error 17.056
pixelate
	Test Loss 0.000 | Test Error 15.168
jpeg_compression
	Test Loss 0.000 | Test Error 15.500
Mean Corruption Error: 18.224
