Files already downloaded and verified
Files already downloaded and verified
Beginning training from epoch: 1
Train Loss 0.235
Train Loss 1.979
Train Loss 1.821
Train Loss 1.714
Train Loss 1.593
Train Loss 1.483
Train Loss 1.414
Train Loss 1.330
Epoch   1 | Time    85 | Train Loss 1.2908 | Test Loss 0.001 | Test Error 41.31
Train Loss 0.119
Train Loss 1.221
Train Loss 1.221
Train Loss 1.140
Train Loss 1.118
Train Loss 1.096
Train Loss 1.074
Train Loss 1.058
Epoch   2 | Time    70 | Train Loss 1.0122 | Test Loss 0.001 | Test Error 28.98
Train Loss 0.121
Train Loss 1.023
Train Loss 1.012
Train Loss 0.977
Train Loss 0.929
Train Loss 0.943
Train Loss 0.945
Train Loss 0.941
Epoch   3 | Time    70 | Train Loss 0.9062 | Test Loss 0.001 | Test Error 23.46
Train Loss 0.075
Train Loss 0.916
Train Loss 0.875
Train Loss 0.907
Train Loss 0.860
Train Loss 0.864
Train Loss 0.843
Train Loss 0.860
Epoch   4 | Time    70 | Train Loss 0.8528 | Test Loss 0.001 | Test Error 24.08
Train Loss 0.073
Train Loss 0.836
Train Loss 0.821
Train Loss 0.826
Train Loss 0.828
Train Loss 0.867
Train Loss 0.821
Train Loss 0.753
Epoch   5 | Time    70 | Train Loss 0.8336 | Test Loss 0.001 | Test Error 19.53
Train Loss 0.089
Train Loss 0.785
Train Loss 0.767
Train Loss 0.810
Train Loss 0.796
Train Loss 0.811
Train Loss 0.780
Train Loss 0.808
Epoch   6 | Time    70 | Train Loss 0.7820 | Test Loss 0.001 | Test Error 19.46
Train Loss 0.074
Train Loss 0.788
Train Loss 0.764
Train Loss 0.762
Train Loss 0.738
Train Loss 0.787
Train Loss 0.764
Train Loss 0.779
Epoch   7 | Time    70 | Train Loss 0.7384 | Test Loss 0.001 | Test Error 18.77
Train Loss 0.070
Train Loss 0.766
Train Loss 0.711
Train Loss 0.747
Train Loss 0.739
Train Loss 0.720
Train Loss 0.705
Train Loss 0.730
Epoch   8 | Time    70 | Train Loss 0.7079 | Test Loss 0.001 | Test Error 22.70
Train Loss 0.075
Train Loss 0.721
Train Loss 0.694
Train Loss 0.757
Train Loss 0.721
Train Loss 0.711
Train Loss 0.743
Train Loss 0.721
Epoch   9 | Time    70 | Train Loss 0.6871 | Test Loss 0.000 | Test Error 16.20
Train Loss 0.071
Train Loss 0.713
Train Loss 0.671
Train Loss 0.696
Train Loss 0.711
Train Loss 0.701
Train Loss 0.743
Train Loss 0.714
Epoch  10 | Time    69 | Train Loss 0.7176 | Test Loss 0.001 | Test Error 18.86
Train Loss 0.066
Train Loss 0.706
Train Loss 0.676
Train Loss 0.677
Train Loss 0.683
Train Loss 0.684
Train Loss 0.684
Train Loss 0.679
Epoch  11 | Time    70 | Train Loss 0.7082 | Test Loss 0.001 | Test Error 19.75
Train Loss 0.068
Train Loss 0.676
Train Loss 0.697
Train Loss 0.663
Train Loss 0.680
Train Loss 0.667
Train Loss 0.701
Train Loss 0.677
Epoch  12 | Time    70 | Train Loss 0.7063 | Test Loss 0.001 | Test Error 19.16
Train Loss 0.062
Train Loss 0.636
Train Loss 0.638
Train Loss 0.643
Train Loss 0.668
Train Loss 0.656
Train Loss 0.667
Train Loss 0.634
Epoch  13 | Time    70 | Train Loss 0.6656 | Test Loss 0.001 | Test Error 18.53
Train Loss 0.067
Train Loss 0.650
Train Loss 0.662
Train Loss 0.642
Train Loss 0.623
Train Loss 0.668
Train Loss 0.696
Train Loss 0.668
Epoch  14 | Time    70 | Train Loss 0.6621 | Test Loss 0.001 | Test Error 16.53
Train Loss 0.071
Train Loss 0.652
Train Loss 0.640
Train Loss 0.628
Train Loss 0.625
Train Loss 0.667
Train Loss 0.626
Train Loss 0.677
Epoch  15 | Time    70 | Train Loss 0.6321 | Test Loss 0.000 | Test Error 14.73
Train Loss 0.063
Train Loss 0.645
Train Loss 0.634
Train Loss 0.629
Train Loss 0.621
Train Loss 0.621
Train Loss 0.637
Train Loss 0.628
Epoch  16 | Time    70 | Train Loss 0.6181 | Test Loss 0.000 | Test Error 15.16
Train Loss 0.063
Train Loss 0.600
Train Loss 0.638
Train Loss 0.656
Train Loss 0.647
Train Loss 0.640
Train Loss 0.588
Train Loss 0.624
Epoch  17 | Time    69 | Train Loss 0.5943 | Test Loss 0.001 | Test Error 17.16
Train Loss 0.059
Train Loss 0.598
Train Loss 0.631
Train Loss 0.651
Train Loss 0.629
Train Loss 0.647
Train Loss 0.634
Train Loss 0.604
Epoch  18 | Time    70 | Train Loss 0.6203 | Test Loss 0.001 | Test Error 18.30
Train Loss 0.058
Train Loss 0.639
Train Loss 0.608
Train Loss 0.611
Train Loss 0.576
Train Loss 0.632
Train Loss 0.659
Train Loss 0.667
Epoch  19 | Time    69 | Train Loss 0.6365 | Test Loss 0.000 | Test Error 15.60
Train Loss 0.072
Train Loss 0.598
Train Loss 0.634
Train Loss 0.616
Train Loss 0.597
Train Loss 0.588
Train Loss 0.598
Train Loss 0.623
Epoch  20 | Time    70 | Train Loss 0.5938 | Test Loss 0.000 | Test Error 13.96
Train Loss 0.069
Train Loss 0.591
Train Loss 0.581
Train Loss 0.589
Train Loss 0.584
Train Loss 0.580
Train Loss 0.600
Train Loss 0.591
Epoch  21 | Time    70 | Train Loss 0.6011 | Test Loss 0.000 | Test Error 15.78
Train Loss 0.059
Train Loss 0.587
Train Loss 0.603
Train Loss 0.591
Train Loss 0.580
Train Loss 0.584
Train Loss 0.623
Train Loss 0.609
Epoch  22 | Time    69 | Train Loss 0.6285 | Test Loss 0.000 | Test Error 14.66
Train Loss 0.057
Train Loss 0.586
Train Loss 0.579
Train Loss 0.610
Train Loss 0.630
Train Loss 0.593
Train Loss 0.615
Train Loss 0.599
Epoch  23 | Time    71 | Train Loss 0.5854 | Test Loss 0.000 | Test Error 13.76
Train Loss 0.068
Train Loss 0.538
Train Loss 0.599
Train Loss 0.593
Train Loss 0.583
Train Loss 0.588
Train Loss 0.557
Train Loss 0.569
Epoch  24 | Time    69 | Train Loss 0.5936 | Test Loss 0.000 | Test Error 14.98
Train Loss 0.073
Train Loss 0.531
Train Loss 0.551
Train Loss 0.574
Train Loss 0.545
Train Loss 0.576
Train Loss 0.555
Train Loss 0.600
Epoch  25 | Time    70 | Train Loss 0.5702 | Test Loss 0.001 | Test Error 17.36
Train Loss 0.050
Train Loss 0.557
Train Loss 0.592
Train Loss 0.583
Train Loss 0.562
Train Loss 0.550
Train Loss 0.615
Train Loss 0.606
Epoch  26 | Time    69 | Train Loss 0.5947 | Test Loss 0.000 | Test Error 16.90
Train Loss 0.047
Train Loss 0.569
Train Loss 0.531
Train Loss 0.571
Train Loss 0.579
Train Loss 0.584
Train Loss 0.557
Train Loss 0.586
Epoch  27 | Time    70 | Train Loss 0.5457 | Test Loss 0.000 | Test Error 16.06
Train Loss 0.066
Train Loss 0.554
Train Loss 0.546
Train Loss 0.583
Train Loss 0.530
Train Loss 0.563
Train Loss 0.533
Train Loss 0.577
Epoch  28 | Time    70 | Train Loss 0.5999 | Test Loss 0.000 | Test Error 14.19
Train Loss 0.050
Train Loss 0.566
Train Loss 0.566
Train Loss 0.545
Train Loss 0.536
Train Loss 0.533
Train Loss 0.606
Train Loss 0.514
Epoch  29 | Time    70 | Train Loss 0.5253 | Test Loss 0.001 | Test Error 17.26
Train Loss 0.063
Train Loss 0.535
Train Loss 0.522
Train Loss 0.553
Train Loss 0.553
Train Loss 0.543
Train Loss 0.572
Train Loss 0.541
Epoch  30 | Time    69 | Train Loss 0.5395 | Test Loss 0.000 | Test Error 13.77
Train Loss 0.055
Train Loss 0.517
Train Loss 0.560
Train Loss 0.573
Train Loss 0.568
Train Loss 0.580
Train Loss 0.566
Train Loss 0.521
Epoch  31 | Time    70 | Train Loss 0.5238 | Test Loss 0.000 | Test Error 15.51
Train Loss 0.060
Train Loss 0.561
Train Loss 0.562
Train Loss 0.562
Train Loss 0.562
Train Loss 0.563
Train Loss 0.575
Train Loss 0.527
Epoch  32 | Time    69 | Train Loss 0.5616 | Test Loss 0.000 | Test Error 16.68
Train Loss 0.063
Train Loss 0.552
Train Loss 0.527
Train Loss 0.541
Train Loss 0.523
Train Loss 0.581
Train Loss 0.554
Train Loss 0.519
Epoch  33 | Time    70 | Train Loss 0.5058 | Test Loss 0.000 | Test Error 12.54
Train Loss 0.049
Train Loss 0.520
Train Loss 0.549
Train Loss 0.541
Train Loss 0.534
Train Loss 0.559
Train Loss 0.535
Train Loss 0.521
Epoch  34 | Time    70 | Train Loss 0.5644 | Test Loss 0.000 | Test Error 11.99
Train Loss 0.047
Train Loss 0.513
Train Loss 0.543
Train Loss 0.536
Train Loss 0.563
Train Loss 0.510
Train Loss 0.532
Train Loss 0.536
Epoch  35 | Time    70 | Train Loss 0.5493 | Test Loss 0.000 | Test Error 13.43
Train Loss 0.044
Train Loss 0.539
Train Loss 0.533
Train Loss 0.537
Train Loss 0.529
Train Loss 0.530
Train Loss 0.530
Train Loss 0.540
Epoch  36 | Time    69 | Train Loss 0.5553 | Test Loss 0.000 | Test Error 13.90
Train Loss 0.045
Train Loss 0.504
Train Loss 0.530
Train Loss 0.536
Train Loss 0.554
Train Loss 0.494
Train Loss 0.554
Train Loss 0.507
Epoch  37 | Time    70 | Train Loss 0.5408 | Test Loss 0.000 | Test Error 13.79
Train Loss 0.054
Train Loss 0.509
Train Loss 0.516
Train Loss 0.571
Train Loss 0.484
Train Loss 0.528
Train Loss 0.544
Train Loss 0.491
Epoch  38 | Time    70 | Train Loss 0.5340 | Test Loss 0.000 | Test Error 14.16
Train Loss 0.054
Train Loss 0.516
Train Loss 0.508
Train Loss 0.536
Train Loss 0.520
Train Loss 0.513
Train Loss 0.512
Train Loss 0.500
Epoch  39 | Time    70 | Train Loss 0.4959 | Test Loss 0.000 | Test Error 11.49
Train Loss 0.048
Train Loss 0.519
Train Loss 0.514
Train Loss 0.500
Train Loss 0.543
Train Loss 0.500
Train Loss 0.545
Train Loss 0.511
Epoch  40 | Time    70 | Train Loss 0.5165 | Test Loss 0.000 | Test Error 14.34
Train Loss 0.043
Train Loss 0.472
Train Loss 0.525
Train Loss 0.491
Train Loss 0.507
Train Loss 0.502
Train Loss 0.483
Train Loss 0.518
Epoch  41 | Time    71 | Train Loss 0.5027 | Test Loss 0.000 | Test Error 14.88
Train Loss 0.047
Train Loss 0.498
Train Loss 0.513
Train Loss 0.487
Train Loss 0.494
Train Loss 0.523
Train Loss 0.522
Train Loss 0.504
Epoch  42 | Time    70 | Train Loss 0.5336 | Test Loss 0.000 | Test Error 12.86
Train Loss 0.037
Train Loss 0.464
Train Loss 0.499
Train Loss 0.514
Train Loss 0.482
Train Loss 0.510
Train Loss 0.486
Train Loss 0.495
Epoch  43 | Time    69 | Train Loss 0.5348 | Test Loss 0.000 | Test Error 12.54
Train Loss 0.044
Train Loss 0.474
Train Loss 0.495
Train Loss 0.478
Train Loss 0.484
Train Loss 0.471
Train Loss 0.495
Train Loss 0.497
Epoch  44 | Time    70 | Train Loss 0.5020 | Test Loss 0.000 | Test Error 11.99
Train Loss 0.043
Train Loss 0.485
Train Loss 0.480
Train Loss 0.485
Train Loss 0.528
Train Loss 0.503
Train Loss 0.476
Train Loss 0.477
Epoch  45 | Time    70 | Train Loss 0.4807 | Test Loss 0.000 | Test Error 11.00
Train Loss 0.048
Train Loss 0.455
Train Loss 0.498
Train Loss 0.495
Train Loss 0.492
Train Loss 0.452
Train Loss 0.551
Train Loss 0.497
Epoch  46 | Time    70 | Train Loss 0.5166 | Test Loss 0.000 | Test Error 13.60
Train Loss 0.047
Train Loss 0.454
Train Loss 0.491
Train Loss 0.457
Train Loss 0.442
Train Loss 0.492
Train Loss 0.498
Train Loss 0.500
Epoch  47 | Time    70 | Train Loss 0.4733 | Test Loss 0.000 | Test Error 11.24
Train Loss 0.055
Train Loss 0.484
Train Loss 0.454
Train Loss 0.455
Train Loss 0.497
Train Loss 0.476
Train Loss 0.497
Train Loss 0.481
Epoch  48 | Time    69 | Train Loss 0.4822 | Test Loss 0.000 | Test Error 11.72
Train Loss 0.044
Train Loss 0.452
Train Loss 0.436
Train Loss 0.453
Train Loss 0.477
Train Loss 0.438
Train Loss 0.503
Train Loss 0.447
Epoch  49 | Time    70 | Train Loss 0.5182 | Test Loss 0.000 | Test Error 11.61
Train Loss 0.045
Train Loss 0.467
Train Loss 0.469
Train Loss 0.470
Train Loss 0.454
Train Loss 0.463
Train Loss 0.463
Train Loss 0.466
Epoch  50 | Time    70 | Train Loss 0.4821 | Test Loss 0.000 | Test Error 10.85
Train Loss 0.050
Train Loss 0.427
Train Loss 0.423
Train Loss 0.474
Train Loss 0.455
Train Loss 0.433
Train Loss 0.489
Train Loss 0.461
Epoch  51 | Time    70 | Train Loss 0.4410 | Test Loss 0.000 | Test Error 11.40
Train Loss 0.043
Train Loss 0.434
Train Loss 0.459
Train Loss 0.443
Train Loss 0.472
Train Loss 0.447
Train Loss 0.455
Train Loss 0.435
Epoch  52 | Time    70 | Train Loss 0.4359 | Test Loss 0.000 | Test Error 10.91
Train Loss 0.050
Train Loss 0.445
Train Loss 0.436
Train Loss 0.461
Train Loss 0.439
Train Loss 0.441
Train Loss 0.391
Train Loss 0.430
Epoch  53 | Time    69 | Train Loss 0.4512 | Test Loss 0.000 | Test Error 11.19
Train Loss 0.037
Train Loss 0.440
Train Loss 0.414
Train Loss 0.426
Train Loss 0.438
Train Loss 0.427
Train Loss 0.482
Train Loss 0.455
Epoch  54 | Time    69 | Train Loss 0.4441 | Test Loss 0.000 | Test Error 11.03
Train Loss 0.038
Train Loss 0.464
Train Loss 0.428
Train Loss 0.446
Train Loss 0.419
Train Loss 0.458
Train Loss 0.431
Train Loss 0.407
Epoch  55 | Time    70 | Train Loss 0.4556 | Test Loss 0.000 | Test Error 10.45
Train Loss 0.037
Train Loss 0.421
Train Loss 0.422
Train Loss 0.430
Train Loss 0.413
Train Loss 0.406
Train Loss 0.431
Train Loss 0.410
Epoch  56 | Time    70 | Train Loss 0.4167 | Test Loss 0.000 | Test Error 9.95
Train Loss 0.032
Train Loss 0.431
Train Loss 0.440
Train Loss 0.416
Train Loss 0.414
Train Loss 0.425
Train Loss 0.448
Train Loss 0.430
Epoch  57 | Time    71 | Train Loss 0.4187 | Test Loss 0.000 | Test Error 9.47
Train Loss 0.037
Train Loss 0.418
Train Loss 0.419
Train Loss 0.411
Train Loss 0.399
Train Loss 0.450
Train Loss 0.400
Train Loss 0.413
Epoch  58 | Time    70 | Train Loss 0.4149 | Test Loss 0.000 | Test Error 10.76
Train Loss 0.041
Train Loss 0.358
Train Loss 0.399
Train Loss 0.411
Train Loss 0.415
Train Loss 0.399
Train Loss 0.418
Train Loss 0.390
Epoch  59 | Time    69 | Train Loss 0.4236 | Test Loss 0.000 | Test Error 9.72
Train Loss 0.044
Train Loss 0.407
Train Loss 0.384
Train Loss 0.420
Train Loss 0.412
Train Loss 0.399
Train Loss 0.398
Train Loss 0.398
Epoch  60 | Time    70 | Train Loss 0.4270 | Test Loss 0.000 | Test Error 8.79
Train Loss 0.040
Train Loss 0.379
Train Loss 0.368
Train Loss 0.419
Train Loss 0.375
Train Loss 0.372
Train Loss 0.372
Train Loss 0.378
Epoch  61 | Time    69 | Train Loss 0.3944 | Test Loss 0.000 | Test Error 9.33
Train Loss 0.033
Train Loss 0.422
Train Loss 0.347
Train Loss 0.374
Train Loss 0.417
Train Loss 0.381
Train Loss 0.406
Train Loss 0.381
Epoch  62 | Time    70 | Train Loss 0.4042 | Test Loss 0.000 | Test Error 9.15
Train Loss 0.033
Train Loss 0.361
Train Loss 0.368
Train Loss 0.380
Train Loss 0.376
Train Loss 0.391
Train Loss 0.372
Train Loss 0.390
Epoch  63 | Time    70 | Train Loss 0.3558 | Test Loss 0.000 | Test Error 8.76
Train Loss 0.029
Train Loss 0.366
Train Loss 0.375
Train Loss 0.374
Train Loss 0.388
Train Loss 0.370
Train Loss 0.417
Train Loss 0.369
Epoch  64 | Time    69 | Train Loss 0.3728 | Test Loss 0.000 | Test Error 9.47
Train Loss 0.036
Train Loss 0.367
Train Loss 0.345
Train Loss 0.383
Train Loss 0.380
Train Loss 0.348
Train Loss 0.365
Train Loss 0.363
Epoch  65 | Time    71 | Train Loss 0.3593 | Test Loss 0.000 | Test Error 8.53
Train Loss 0.032
Train Loss 0.356
Train Loss 0.369
Train Loss 0.355
Train Loss 0.357
Train Loss 0.352
Train Loss 0.378
Train Loss 0.364
Epoch  66 | Time    70 | Train Loss 0.3693 | Test Loss 0.000 | Test Error 7.78
Train Loss 0.030
Train Loss 0.321
Train Loss 0.347
Train Loss 0.360
Train Loss 0.349
Train Loss 0.347
Train Loss 0.361
Train Loss 0.338
Epoch  67 | Time    69 | Train Loss 0.3575 | Test Loss 0.000 | Test Error 8.62
Train Loss 0.046
Train Loss 0.347
Train Loss 0.341
Train Loss 0.337
Train Loss 0.333
Train Loss 0.373
Train Loss 0.354
Train Loss 0.371
Epoch  68 | Time    69 | Train Loss 0.3552 | Test Loss 0.000 | Test Error 8.62
Train Loss 0.036
Train Loss 0.316
Train Loss 0.334
Train Loss 0.343
Train Loss 0.345
Train Loss 0.344
Train Loss 0.350
Train Loss 0.360
Epoch  69 | Time    69 | Train Loss 0.3326 | Test Loss 0.000 | Test Error 9.15
Train Loss 0.028
Train Loss 0.305
Train Loss 0.350
Train Loss 0.335
Train Loss 0.354
Train Loss 0.342
Train Loss 0.362
Train Loss 0.329
Epoch  70 | Time    69 | Train Loss 0.3388 | Test Loss 0.000 | Test Error 7.85
Train Loss 0.038
Train Loss 0.294
Train Loss 0.308
Train Loss 0.312
Train Loss 0.328
Train Loss 0.343
Train Loss 0.322
Train Loss 0.293
Epoch  71 | Time    69 | Train Loss 0.3253 | Test Loss 0.000 | Test Error 7.52
Train Loss 0.042
Train Loss 0.274
Train Loss 0.304
Train Loss 0.314
Train Loss 0.310
Train Loss 0.310
Train Loss 0.319
Train Loss 0.327
Epoch  72 | Time    70 | Train Loss 0.3245 | Test Loss 0.000 | Test Error 7.34
Train Loss 0.028
Train Loss 0.299
Train Loss 0.311
Train Loss 0.297
Train Loss 0.290
Train Loss 0.350
Train Loss 0.337
Train Loss 0.327
Epoch  73 | Time    70 | Train Loss 0.2918 | Test Loss 0.000 | Test Error 7.10
Train Loss 0.025
Train Loss 0.277
Train Loss 0.323
Train Loss 0.300
Train Loss 0.316
Train Loss 0.297
Train Loss 0.320
Train Loss 0.270
Epoch  74 | Time    70 | Train Loss 0.2978 | Test Loss 0.000 | Test Error 7.11
Train Loss 0.036
Train Loss 0.291
Train Loss 0.306
Train Loss 0.305
Train Loss 0.312
Train Loss 0.322
Train Loss 0.308
Train Loss 0.240
Epoch  75 | Time    70 | Train Loss 0.2792 | Test Loss 0.000 | Test Error 7.45
Train Loss 0.030
Train Loss 0.303
Train Loss 0.278
Train Loss 0.294
Train Loss 0.304
Train Loss 0.278
Train Loss 0.290
Train Loss 0.300
Epoch  76 | Time    70 | Train Loss 0.2955 | Test Loss 0.000 | Test Error 7.56
Train Loss 0.018
Train Loss 0.256
Train Loss 0.266
Train Loss 0.286
Train Loss 0.266
Train Loss 0.260
Train Loss 0.278
Train Loss 0.270
Epoch  77 | Time    71 | Train Loss 0.2784 | Test Loss 0.000 | Test Error 6.58
Train Loss 0.020
Train Loss 0.246
Train Loss 0.268
Train Loss 0.277
Train Loss 0.261
Train Loss 0.245
Train Loss 0.281
Train Loss 0.254
Epoch  78 | Time    70 | Train Loss 0.2769 | Test Loss 0.000 | Test Error 6.27
Train Loss 0.020
Train Loss 0.249
Train Loss 0.224
Train Loss 0.244
Train Loss 0.262
Train Loss 0.235
Train Loss 0.247
Train Loss 0.263
Epoch  79 | Time    70 | Train Loss 0.2339 | Test Loss 0.000 | Test Error 6.26
Train Loss 0.024
Train Loss 0.236
Train Loss 0.257
Train Loss 0.238
Train Loss 0.248
Train Loss 0.234
Train Loss 0.254
Train Loss 0.269
Epoch  80 | Time    70 | Train Loss 0.2387 | Test Loss 0.000 | Test Error 6.29
Train Loss 0.032
Train Loss 0.233
Train Loss 0.239
Train Loss 0.234
Train Loss 0.216
Train Loss 0.235
Train Loss 0.223
Train Loss 0.239
Epoch  81 | Time    70 | Train Loss 0.2213 | Test Loss 0.000 | Test Error 6.48
Train Loss 0.010
Train Loss 0.241
Train Loss 0.215
Train Loss 0.203
Train Loss 0.225
Train Loss 0.231
Train Loss 0.244
Train Loss 0.221
Epoch  82 | Time    70 | Train Loss 0.2302 | Test Loss 0.000 | Test Error 6.20
Train Loss 0.019
Train Loss 0.192
Train Loss 0.207
Train Loss 0.222
Train Loss 0.227
Train Loss 0.217
Train Loss 0.213
Train Loss 0.234
Epoch  83 | Time    70 | Train Loss 0.2192 | Test Loss 0.000 | Test Error 6.29
Train Loss 0.025
Train Loss 0.189
Train Loss 0.220
Train Loss 0.211
Train Loss 0.217
Train Loss 0.208
Train Loss 0.202
Train Loss 0.193
Epoch  84 | Time    70 | Train Loss 0.1984 | Test Loss 0.000 | Test Error 5.45
Train Loss 0.018
Train Loss 0.182
Train Loss 0.196
Train Loss 0.195
Train Loss 0.177
Train Loss 0.207
Train Loss 0.190
Train Loss 0.195
Epoch  85 | Time    70 | Train Loss 0.2060 | Test Loss 0.000 | Test Error 5.92
Train Loss 0.025
Train Loss 0.180
Train Loss 0.187
Train Loss 0.200
Train Loss 0.186
Train Loss 0.202
Train Loss 0.187
Train Loss 0.169
Epoch  86 | Time    70 | Train Loss 0.2026 | Test Loss 0.000 | Test Error 5.41
Train Loss 0.022
Train Loss 0.176
Train Loss 0.173
Train Loss 0.181
Train Loss 0.187
Train Loss 0.184
Train Loss 0.211
Train Loss 0.171
Epoch  87 | Time    70 | Train Loss 0.1688 | Test Loss 0.000 | Test Error 5.39
Train Loss 0.017
Train Loss 0.167
Train Loss 0.169
Train Loss 0.171
Train Loss 0.181
Train Loss 0.180
Train Loss 0.172
Train Loss 0.161
Epoch  88 | Time    69 | Train Loss 0.1702 | Test Loss 0.000 | Test Error 5.43
Train Loss 0.013
Train Loss 0.158
Train Loss 0.151
Train Loss 0.146
Train Loss 0.155
Train Loss 0.150
Train Loss 0.157
Train Loss 0.164
Epoch  89 | Time    70 | Train Loss 0.1431 | Test Loss 0.000 | Test Error 5.38
Train Loss 0.013
Train Loss 0.120
Train Loss 0.157
Train Loss 0.159
Train Loss 0.149
Train Loss 0.156
Train Loss 0.159
Train Loss 0.152
Epoch  90 | Time    70 | Train Loss 0.1221 | Test Loss 0.000 | Test Error 4.85
Train Loss 0.007
Train Loss 0.139
Train Loss 0.146
Train Loss 0.133
Train Loss 0.129
Train Loss 0.150
Train Loss 0.154
Train Loss 0.134
Epoch  91 | Time    69 | Train Loss 0.1326 | Test Loss 0.000 | Test Error 4.89
Train Loss 0.017
Train Loss 0.123
Train Loss 0.119
Train Loss 0.124
Train Loss 0.107
Train Loss 0.126
Train Loss 0.114
Train Loss 0.117
Epoch  92 | Time    69 | Train Loss 0.1416 | Test Loss 0.000 | Test Error 4.91
Train Loss 0.005
Train Loss 0.130
Train Loss 0.139
Train Loss 0.112
Train Loss 0.132
Train Loss 0.103
Train Loss 0.114
Train Loss 0.101
Epoch  93 | Time    71 | Train Loss 0.1292 | Test Loss 0.000 | Test Error 4.72
Train Loss 0.019
Train Loss 0.111
Train Loss 0.108
Train Loss 0.113
Train Loss 0.102
Train Loss 0.122
Train Loss 0.123
Train Loss 0.113
Epoch  94 | Time    69 | Train Loss 0.1151 | Test Loss 0.000 | Test Error 4.74
Train Loss 0.008
Train Loss 0.102
Train Loss 0.123
Train Loss 0.091
Train Loss 0.105
Train Loss 0.116
Train Loss 0.113
Train Loss 0.100
Epoch  95 | Time    70 | Train Loss 0.1090 | Test Loss 0.000 | Test Error 4.59
Train Loss 0.014
Train Loss 0.115
Train Loss 0.110
Train Loss 0.091
Train Loss 0.103
Train Loss 0.116
Train Loss 0.096
Train Loss 0.101
Epoch  96 | Time    69 | Train Loss 0.1119 | Test Loss 0.000 | Test Error 4.49
Train Loss 0.009
Train Loss 0.100
Train Loss 0.104
Train Loss 0.088
Train Loss 0.101
Train Loss 0.118
Train Loss 0.093
Train Loss 0.117
Epoch  97 | Time    70 | Train Loss 0.1023 | Test Loss 0.000 | Test Error 4.63
Train Loss 0.007
Train Loss 0.106
Train Loss 0.119
Train Loss 0.095
Train Loss 0.094
Train Loss 0.093
Train Loss 0.102
Train Loss 0.102
Epoch  98 | Time    70 | Train Loss 0.1275 | Test Loss 0.000 | Test Error 4.47
Train Loss 0.007
Train Loss 0.101
Train Loss 0.098
Train Loss 0.104
Train Loss 0.103
Train Loss 0.095
Train Loss 0.110
Train Loss 0.105
Epoch  99 | Time    69 | Train Loss 0.1025 | Test Loss 0.000 | Test Error 4.47
Train Loss 0.004
Train Loss 0.106
Train Loss 0.099
Train Loss 0.108
Train Loss 0.110
Train Loss 0.087
Train Loss 0.099
Train Loss 0.120
Epoch 100 | Time    70 | Train Loss 0.0961 | Test Loss 0.000 | Test Error 4.46
gaussian_noise
	Test Loss 0.001 | Test Error 18.442
shot_noise
	Test Loss 0.001 | Test Error 13.682
impulse_noise
	Test Loss 0.000 | Test Error 12.376
defocus_blur
	Test Loss 0.000 | Test Error 5.636
glass_blur
	Test Loss 0.001 | Test Error 18.852
motion_blur
	Test Loss 0.000 | Test Error 7.474
zoom_blur
	Test Loss 0.000 | Test Error 6.722
snow
	Test Loss 0.000 | Test Error 9.742
frost
	Test Loss 0.000 | Test Error 9.838
fog
	Test Loss 0.000 | Test Error 7.682
brightness
	Test Loss 0.000 | Test Error 5.260
contrast
	Test Loss 0.000 | Test Error 9.306
elastic_transform
	Test Loss 0.000 | Test Error 9.500
pixelate
	Test Loss 0.000 | Test Error 11.952
jpeg_compression
	Test Loss 0.000 | Test Error 12.568
Mean Corruption Error: 10.602
